<!DOCTYPE html>

<html>
  <head>
  <meta charset='utf-8'>
  <title>TestNG reports</title>

    <link type="text/css" href="testng-reports1.css" rel="stylesheet" id="ultra" />
    <link type="text/css" href="testng-reports.css" rel="stylesheet" id="retro" disabled="false"/>
    <script type="text/javascript" src="jquery-3.6.0.min.js"></script>
    <script type="text/javascript" src="testng-reports.js"></script>
    <script type="text/javascript" src="https://www.google.com/jsapi"></script>
    <script type='text/javascript'>
      google.load('visualization', '1', {packages:['table']});
      google.setOnLoadCallback(drawTable);
      var suiteTableInitFunctions = new Array();
      var suiteTableData = new Array();
    </script>
    <!--
      <script type="text/javascript" src="jquery-ui/js/jquery-ui-1.8.16.custom.min.js"></script>
     -->
  </head>

  <body>    <div class="top-banner-root">
      <span class="top-banner-title-font">Test results</span>
      <button id="button" class="button">Switch Retro Theme</button> <!-- button -->
      <br/>
      <span class="top-banner-font-1">1 suite, 3 failed tests</span>
    </div> <!-- top-banner-root -->
    <div class="navigator-root">
      <div class="navigator-suite-header">
        <span>All suites</span>
        <a href="#" title="Collapse/expand all the suites" class="collapse-all-link">
          <img src="collapseall.gif" class="collapse-all-icon">
          </img> <!-- collapse-all-icon -->
        </a> <!-- collapse-all-link -->
      </div> <!-- navigator-suite-header -->
      <div class="suite">
        <div class="rounded-window">
          <div class="suite-header light-rounded-window-top">
            <a href="#" panel-name="suite-BVT_Test_Suite" class="navigator-link">
              <span class="suite-name border-failed">BVT Test Suite</span>
            </a> <!-- navigator-link -->
          </div> <!-- suite-header light-rounded-window-top -->
          <div class="navigator-suite-content">
            <div class="suite-section-title">
              <span>Info</span>
            </div> <!-- suite-section-title -->
            <div class="suite-section-content">
              <ul>
                <li>
                  <a href="#" panel-name="test-xml-BVT_Test_Suite" class="navigator-link ">
                    <span>C:\Users\DELL\git\selenium-basics\FrameworkDesign\testrunner\testng.xml</span>
                  </a> <!-- navigator-link  -->
                </li>
                <li>
                  <a href="#" panel-name="testlist-BVT_Test_Suite" class="navigator-link ">
                    <span class="test-stats">1 test</span>
                  </a> <!-- navigator-link  -->
                </li>
                <li>
                  <a href="#" panel-name="group-BVT_Test_Suite" class="navigator-link ">
                    <span>0 groups</span>
                  </a> <!-- navigator-link  -->
                </li>
                <li>
                  <a href="#" panel-name="times-BVT_Test_Suite" class="navigator-link ">
                    <span>Times</span>
                  </a> <!-- navigator-link  -->
                </li>
                <li>
                  <a href="#" panel-name="reporter-BVT_Test_Suite" class="navigator-link ">
                    <span>Reporter output</span>
                  </a> <!-- navigator-link  -->
                </li>
                <li>
                  <a href="#" panel-name="ignored-methods-BVT_Test_Suite" class="navigator-link ">
                    <span>Ignored methods</span>
                  </a> <!-- navigator-link  -->
                </li>
                <li>
                  <a href="#" panel-name="chronological-BVT_Test_Suite" class="navigator-link ">
                    <span>Chronological view</span>
                  </a> <!-- navigator-link  -->
                </li>
              </ul>
            </div> <!-- suite-section-content -->
            <div class="result-section">
              <div class="suite-section-title">
                <span>Results</span>
              </div> <!-- suite-section-title -->
              <div class="suite-section-content">
                <ul>
                  <li>
                    <span class="method-stats">4 methods, 3 failed,   1 passed</span>
                  </li>
                  <li>
                    <span class="method-list-title failed">Failed methods</span>
                    <span class="show-or-hide-methods failed">
                      <a href="#" panel-name="suite-BVT_Test_Suite" class="hide-methods failed suite-BVT_Test_Suite"> (hide)</a> <!-- hide-methods failed suite-BVT_Test_Suite -->
                      <a href="#" panel-name="suite-BVT_Test_Suite" class="show-methods failed suite-BVT_Test_Suite"> (show)</a> <!-- show-methods failed suite-BVT_Test_Suite -->
                    </span>
                    <div class="method-list-content failed suite-BVT_Test_Suite">
                      <span>
                        <img src="failed.png" width="3%"/>
                        <a href="#" panel-name="suite-BVT_Test_Suite" title="testcases.SecondTest" class="method navigator-link" hash-for-method="loginTest(rcvtudfsstorials@gmail.com, testautomation@1264443)">loginTest(rcvtudfsstorials@gmail.com, testautomation@1264443)</a> <!-- method navigator-link -->
                      </span>
                      <br/>
                      <span>
                        <img src="failed.png" width="3%"/>
                        <a href="#" panel-name="suite-BVT_Test_Suite" title="testcases.SecondTest" class="method navigator-link" hash-for-method="loginTest(rc@gmail.com, testautoddsdmation@123)">loginTest(rc@gmail.com, testautoddsdmation@123)</a> <!-- method navigator-link -->
                      </span>
                      <br/>
                      <span>
                        <img src="failed.png" width="3%"/>
                        <a href="#" panel-name="suite-BVT_Test_Suite" title="testcases.SecondTest" class="method navigator-link" hash-for-method="loginTest(rc@gmail.com, testautn@1546456)">loginTest(rc@gmail.com, testautn@1546456)</a> <!-- method navigator-link -->
                      </span>
                      <br/>
                    </div> <!-- method-list-content failed suite-BVT_Test_Suite -->
                  </li>
                  <li>
                    <span class="method-list-title passed">Passed methods</span>
                    <span class="show-or-hide-methods passed">
                      <a href="#" panel-name="suite-BVT_Test_Suite" class="hide-methods passed suite-BVT_Test_Suite"> (hide)</a> <!-- hide-methods passed suite-BVT_Test_Suite -->
                      <a href="#" panel-name="suite-BVT_Test_Suite" class="show-methods passed suite-BVT_Test_Suite"> (show)</a> <!-- show-methods passed suite-BVT_Test_Suite -->
                    </span>
                    <div class="method-list-content passed suite-BVT_Test_Suite">
                      <span>
                        <img src="passed.png" width="3%"/>
                        <a href="#" panel-name="suite-BVT_Test_Suite" title="testcases.SecondTest" class="method navigator-link" hash-for-method="loginTest(rcvtutorials@gmail.com, testautomation@123)">loginTest(rcvtutorials@gmail.com, testautomation@123)</a> <!-- method navigator-link -->
                      </span>
                      <br/>
                    </div> <!-- method-list-content passed suite-BVT_Test_Suite -->
                  </li>
                </ul>
              </div> <!-- suite-section-content -->
            </div> <!-- result-section -->
          </div> <!-- navigator-suite-content -->
        </div> <!-- rounded-window -->
      </div> <!-- suite -->
    </div> <!-- navigator-root -->
    <div class="wrapper">
      <div class="main-panel-root">
        <div panel-name="suite-BVT_Test_Suite" class="panel BVT_Test_Suite">
          <div class="suite-BVT_Test_Suite-class-failed">
            <div class="main-panel-header rounded-window-top">
              <img src="failed.png"/>
              <span class="class-name">testcases.SecondTest</span>
            </div> <!-- main-panel-header rounded-window-top -->
            <div class="main-panel-content rounded-window-bottom">
              <div class="method">
                <div class="method-content">
                  <a name="loginTest(rcvtudfsstorials@gmail.com, testautomation@1264443)">
                  </a> <!-- loginTest(rcvtudfsstorials@gmail.com, testautomation@1264443) -->
                  <span class="method-name">loginTest</span>
                  <span class="parameters">(rcvtudfsstorials@gmail.com,testautomation@1264443)</span>
                  <div class="stack-trace">org.openqa.selenium.ElementNotInteractableException: element not interactable
  (Session info: chrome=109.0.5414.121)
Build info: version: &apos;4.8.0&apos;, revision: &apos;267030adea&apos;
System info: os.name: &apos;Windows 11&apos;, os.arch: &apos;amd64&apos;, os.version: &apos;10.0&apos;, java.version: &apos;17.0.6&apos;
Driver info: org.openqa.selenium.chrome.ChromeDriver
Command: [a969fd029506f570b2861441cff4dca5, sendKeysToElement {id=846da122-2fd5-45ee-b195-108fce5f17ca, value=[Ljava.lang.CharSequence;@4978777f}]
Capabilities {acceptInsecureCerts: false, browserName: chrome, browserVersion: 109.0.5414.121, chrome: {chromedriverVersion: 109.0.5414.74 (e7c5703604da..., userDataDir: C:\Users\DELL\AppData\Local...}, goog:chromeOptions: {debuggerAddress: localhost:52982}, networkConnectionEnabled: false, pageLoadStrategy: normal, platformName: WINDOWS, proxy: Proxy(), se:cdp: ws://localhost:52982/devtoo..., se:cdpVersion: 109.0.5414.121, setWindowRect: true, strictFileInteractability: false, timeouts: {implicit: 0, pageLoad: 300000, script: 30000}, unhandledPromptBehavior: dismiss and notify, webauthn:extension:credBlob: true, webauthn:extension:largeBlob: true, webauthn:virtualAuthenticators: true}
Element: [[ChromeDriver: chrome on WINDOWS (a969fd029506f570b2861441cff4dca5)] -&gt; xpath: //input[@id=&apos;password&apos;]]
Session ID: a969fd029506f570b2861441cff4dca5
	at org.openqa.selenium.remote.codec.w3c.W3CHttpResponseCodec.createException(W3CHttpResponseCodec.java:200)
	at org.openqa.selenium.remote.codec.w3c.W3CHttpResponseCodec.decode(W3CHttpResponseCodec.java:133)
	at org.openqa.selenium.remote.codec.w3c.W3CHttpResponseCodec.decode(W3CHttpResponseCodec.java:53)
	at org.openqa.selenium.remote.HttpCommandExecutor.execute(HttpCommandExecutor.java:184)
	at org.openqa.selenium.remote.service.DriverCommandExecutor.invokeExecute(DriverCommandExecutor.java:167)
	at org.openqa.selenium.remote.service.DriverCommandExecutor.execute(DriverCommandExecutor.java:142)
	at org.openqa.selenium.remote.RemoteWebDriver.execute(RemoteWebDriver.java:543)
	at org.openqa.selenium.remote.RemoteWebElement.execute(RemoteWebElement.java:257)
	at org.openqa.selenium.remote.RemoteWebElement.sendKeys(RemoteWebElement.java:113)
	at testcases.SecondTest.loginTest(SecondTest.java:20)
	at java.base/java.util.ArrayList.forEach(ArrayList.java:1511)
... Removed 32 stack frames
</div> <!-- stack-trace -->
                </div> <!-- method-content -->
              </div> <!-- method -->
              <div class="method">
                <div class="method-content">
                  <a name="loginTest(rc@gmail.com, testautoddsdmation@123)">
                  </a> <!-- loginTest(rc@gmail.com, testautoddsdmation@123) -->
                  <span class="method-name">loginTest</span>
                  <span class="parameters">(rc@gmail.com,testautoddsdmation@123)</span>
                  <div class="stack-trace">org.openqa.selenium.ElementNotInteractableException: element not interactable
  (Session info: chrome=109.0.5414.121)
Build info: version: &apos;4.8.0&apos;, revision: &apos;267030adea&apos;
System info: os.name: &apos;Windows 11&apos;, os.arch: &apos;amd64&apos;, os.version: &apos;10.0&apos;, java.version: &apos;17.0.6&apos;
Driver info: org.openqa.selenium.chrome.ChromeDriver
Command: [52a6f81fe40622e0f78c35c67a3429ff, sendKeysToElement {id=4f7a7204-8c40-481e-8729-8523adcc9709, value=[Ljava.lang.CharSequence;@642ee49c}]
Capabilities {acceptInsecureCerts: false, browserName: chrome, browserVersion: 109.0.5414.121, chrome: {chromedriverVersion: 109.0.5414.74 (e7c5703604da..., userDataDir: C:\Users\DELL\AppData\Local...}, goog:chromeOptions: {debuggerAddress: localhost:52918}, networkConnectionEnabled: false, pageLoadStrategy: normal, platformName: WINDOWS, proxy: Proxy(), se:cdp: ws://localhost:52918/devtoo..., se:cdpVersion: 109.0.5414.121, setWindowRect: true, strictFileInteractability: false, timeouts: {implicit: 0, pageLoad: 300000, script: 30000}, unhandledPromptBehavior: dismiss and notify, webauthn:extension:credBlob: true, webauthn:extension:largeBlob: true, webauthn:virtualAuthenticators: true}
Element: [[ChromeDriver: chrome on WINDOWS (52a6f81fe40622e0f78c35c67a3429ff)] -&gt; xpath: //input[@id=&apos;password&apos;]]
Session ID: 52a6f81fe40622e0f78c35c67a3429ff
	at org.openqa.selenium.remote.codec.w3c.W3CHttpResponseCodec.createException(W3CHttpResponseCodec.java:200)
	at org.openqa.selenium.remote.codec.w3c.W3CHttpResponseCodec.decode(W3CHttpResponseCodec.java:133)
	at org.openqa.selenium.remote.codec.w3c.W3CHttpResponseCodec.decode(W3CHttpResponseCodec.java:53)
	at org.openqa.selenium.remote.HttpCommandExecutor.execute(HttpCommandExecutor.java:184)
	at org.openqa.selenium.remote.service.DriverCommandExecutor.invokeExecute(DriverCommandExecutor.java:167)
	at org.openqa.selenium.remote.service.DriverCommandExecutor.execute(DriverCommandExecutor.java:142)
	at org.openqa.selenium.remote.RemoteWebDriver.execute(RemoteWebDriver.java:543)
	at org.openqa.selenium.remote.RemoteWebElement.execute(RemoteWebElement.java:257)
	at org.openqa.selenium.remote.RemoteWebElement.sendKeys(RemoteWebElement.java:113)
	at testcases.SecondTest.loginTest(SecondTest.java:20)
	at java.base/java.util.ArrayList.forEach(ArrayList.java:1511)
... Removed 32 stack frames
</div> <!-- stack-trace -->
                </div> <!-- method-content -->
              </div> <!-- method -->
              <div class="method">
                <div class="method-content">
                  <a name="loginTest(rc@gmail.com, testautn@1546456)">
                  </a> <!-- loginTest(rc@gmail.com, testautn@1546456) -->
                  <span class="method-name">loginTest</span>
                  <span class="parameters">(rc@gmail.com,testautn@1546456)</span>
                  <div class="stack-trace">org.openqa.selenium.ElementNotInteractableException: element not interactable
  (Session info: chrome=109.0.5414.121)
Build info: version: &apos;4.8.0&apos;, revision: &apos;267030adea&apos;
System info: os.name: &apos;Windows 11&apos;, os.arch: &apos;amd64&apos;, os.version: &apos;10.0&apos;, java.version: &apos;17.0.6&apos;
Driver info: org.openqa.selenium.chrome.ChromeDriver
Command: [a1527e00cfd8b2ce5e015d365206d0b9, sendKeysToElement {id=16d9c7df-eddc-4f06-93a4-d43c9b2a6560, value=[Ljava.lang.CharSequence;@6690b9fa}]
Capabilities {acceptInsecureCerts: false, browserName: chrome, browserVersion: 109.0.5414.121, chrome: {chromedriverVersion: 109.0.5414.74 (e7c5703604da..., userDataDir: C:\Users\DELL\AppData\Local...}, goog:chromeOptions: {debuggerAddress: localhost:52854}, networkConnectionEnabled: false, pageLoadStrategy: normal, platformName: WINDOWS, proxy: Proxy(), se:cdp: ws://localhost:52854/devtoo..., se:cdpVersion: 109.0.5414.121, setWindowRect: true, strictFileInteractability: false, timeouts: {implicit: 0, pageLoad: 300000, script: 30000}, unhandledPromptBehavior: dismiss and notify, webauthn:extension:credBlob: true, webauthn:extension:largeBlob: true, webauthn:virtualAuthenticators: true}
Element: [[ChromeDriver: chrome on WINDOWS (a1527e00cfd8b2ce5e015d365206d0b9)] -&gt; xpath: //input[@id=&apos;password&apos;]]
Session ID: a1527e00cfd8b2ce5e015d365206d0b9
	at org.openqa.selenium.remote.codec.w3c.W3CHttpResponseCodec.createException(W3CHttpResponseCodec.java:200)
	at org.openqa.selenium.remote.codec.w3c.W3CHttpResponseCodec.decode(W3CHttpResponseCodec.java:133)
	at org.openqa.selenium.remote.codec.w3c.W3CHttpResponseCodec.decode(W3CHttpResponseCodec.java:53)
	at org.openqa.selenium.remote.HttpCommandExecutor.execute(HttpCommandExecutor.java:184)
	at org.openqa.selenium.remote.service.DriverCommandExecutor.invokeExecute(DriverCommandExecutor.java:167)
	at org.openqa.selenium.remote.service.DriverCommandExecutor.execute(DriverCommandExecutor.java:142)
	at org.openqa.selenium.remote.RemoteWebDriver.execute(RemoteWebDriver.java:543)
	at org.openqa.selenium.remote.RemoteWebElement.execute(RemoteWebElement.java:257)
	at org.openqa.selenium.remote.RemoteWebElement.sendKeys(RemoteWebElement.java:113)
	at testcases.SecondTest.loginTest(SecondTest.java:20)
	at java.base/java.util.ArrayList.forEach(ArrayList.java:1511)
... Removed 32 stack frames
</div> <!-- stack-trace -->
                </div> <!-- method-content -->
              </div> <!-- method -->
            </div> <!-- main-panel-content rounded-window-bottom -->
          </div> <!-- suite-BVT_Test_Suite-class-failed -->
          <div class="suite-BVT_Test_Suite-class-passed">
            <div class="main-panel-header rounded-window-top">
              <img src="passed.png"/>
              <span class="class-name">testcases.SecondTest</span>
            </div> <!-- main-panel-header rounded-window-top -->
            <div class="main-panel-content rounded-window-bottom">
              <div class="method">
                <div class="method-content">
                  <a name="loginTest(rcvtutorials@gmail.com, testautomation@123)">
                  </a> <!-- loginTest(rcvtutorials@gmail.com, testautomation@123) -->
                  <span class="method-name">loginTest</span>
                  <span class="parameters">(rcvtutorials@gmail.com,testautomation@123)</span>
                </div> <!-- method-content -->
              </div> <!-- method -->
            </div> <!-- main-panel-content rounded-window-bottom -->
          </div> <!-- suite-BVT_Test_Suite-class-passed -->
        </div> <!-- panel BVT_Test_Suite -->
        <div panel-name="test-xml-BVT_Test_Suite" class="panel">
          <div class="main-panel-header rounded-window-top">
            <span class="header-content">C:\Users\DELL\git\selenium-basics\FrameworkDesign\testrunner\testng.xml</span>
          </div> <!-- main-panel-header rounded-window-top -->
          <div class="main-panel-content rounded-window-bottom">
            <pre>
&lt;?xml version=&quot;1.0&quot; encoding=&quot;UTF-8&quot;?&gt;
&lt;!DOCTYPE suite SYSTEM &quot;https://testng.org/testng-1.0.dtd&quot;&gt;
&lt;suite name=&quot;BVT Test Suite&quot; guice-stage=&quot;DEVELOPMENT&quot;&gt;
  &lt;test thread-count=&quot;5&quot; name=&quot;BVT Test&quot;&gt;
    &lt;classes&gt;
      &lt;class name=&quot;testcases.SecondTest&quot;/&gt;
    &lt;/classes&gt;
  &lt;/test&gt; &lt;!-- BVT Test --&gt;
&lt;/suite&gt; &lt;!-- BVT Test Suite --&gt;
            </pre>
          </div> <!-- main-panel-content rounded-window-bottom -->
        </div> <!-- panel -->
        <div panel-name="testlist-BVT_Test_Suite" class="panel">
          <div class="main-panel-header rounded-window-top">
            <span class="header-content">Tests for BVT Test Suite</span>
          </div> <!-- main-panel-header rounded-window-top -->
          <div class="main-panel-content rounded-window-bottom">
            <ul>
              <li>
                <span class="test-name">BVT Test (1 class)</span>
              </li>
            </ul>
          </div> <!-- main-panel-content rounded-window-bottom -->
        </div> <!-- panel -->
        <div panel-name="group-BVT_Test_Suite" class="panel">
          <div class="main-panel-header rounded-window-top">
            <span class="header-content">Groups for BVT Test Suite</span>
          </div> <!-- main-panel-header rounded-window-top -->
          <div class="main-panel-content rounded-window-bottom">
          </div> <!-- main-panel-content rounded-window-bottom -->
        </div> <!-- panel -->
        <div panel-name="times-BVT_Test_Suite" class="panel">
          <div class="main-panel-header rounded-window-top">
            <span class="header-content">Times for BVT Test Suite</span>
          </div> <!-- main-panel-header rounded-window-top -->
          <div class="main-panel-content rounded-window-bottom">
            <div class="times-div">
              <script type="text/javascript">
suiteTableInitFunctions.push('tableData_BVT_Test_Suite');
function tableData_BVT_Test_Suite() {
var data = new google.visualization.DataTable();
data.addColumn('number', 'Number');
data.addColumn('string', 'Method');
data.addColumn('string', 'Class');
data.addColumn('number', 'Time (ms)');
data.addRows(4);
data.setCell(0, 0, 0)
data.setCell(0, 1, 'loginTest')
data.setCell(0, 2, 'testcases.SecondTest')
data.setCell(0, 3, 20291);
data.setCell(1, 0, 1)
data.setCell(1, 1, 'loginTest')
data.setCell(1, 2, 'testcases.SecondTest')
data.setCell(1, 3, 15020);
data.setCell(2, 0, 2)
data.setCell(2, 1, 'loginTest')
data.setCell(2, 2, 'testcases.SecondTest')
data.setCell(2, 3, 12175);
data.setCell(3, 0, 3)
data.setCell(3, 1, 'loginTest')
data.setCell(3, 2, 'testcases.SecondTest')
data.setCell(3, 3, 11983);
window.suiteTableData['BVT_Test_Suite']= { tableData: data, tableDiv: 'times-div-BVT_Test_Suite'}
return data;
}
              </script>
              <span class="suite-total-time">Total running time: 59 seconds</span>
              <div id="times-div-BVT_Test_Suite">
              </div> <!-- times-div-BVT_Test_Suite -->
            </div> <!-- times-div -->
          </div> <!-- main-panel-content rounded-window-bottom -->
        </div> <!-- panel -->
        <div panel-name="reporter-BVT_Test_Suite" class="panel">
          <div class="main-panel-header rounded-window-top">
            <span class="header-content">Reporter output for BVT Test Suite</span>
          </div> <!-- main-panel-header rounded-window-top -->
          <div class="main-panel-content rounded-window-bottom">
          </div> <!-- main-panel-content rounded-window-bottom -->
        </div> <!-- panel -->
        <div panel-name="ignored-methods-BVT_Test_Suite" class="panel">
          <div class="main-panel-header rounded-window-top">
            <span class="header-content">0 ignored methods</span>
          </div> <!-- main-panel-header rounded-window-top -->
          <div class="main-panel-content rounded-window-bottom">
          </div> <!-- main-panel-content rounded-window-bottom -->
        </div> <!-- panel -->
        <div panel-name="chronological-BVT_Test_Suite" class="panel">
          <div class="main-panel-header rounded-window-top">
            <span class="header-content">Methods in chronological order</span>
          </div> <!-- main-panel-header rounded-window-top -->
          <div class="main-panel-content rounded-window-bottom">
            <div class="chronological-class">
              <div class="chronological-class-name">testcases.SecondTest</div> <!-- chronological-class-name -->
              <div class="configuration-method before">
                <span class="method-name">setUp</span>
                <span class="method-start">0 ms</span>
              </div> <!-- configuration-method before -->
              <div class="test-method">
                <img src="failed.png">
                </img>
                <span class="method-name">loginTest(rc@gmail.com, testautn@1546456)</span>
                <span class="method-start">8238 ms</span>
              </div> <!-- test-method -->
              <div class="configuration-method after">
                <span class="method-name">tearDown</span>
                <span class="method-start">20419 ms</span>
              </div> <!-- configuration-method after -->
              <div class="configuration-method before">
                <span class="method-name">setUp</span>
                <span class="method-start">20585 ms</span>
              </div> <!-- configuration-method before -->
              <div class="test-method">
                <img src="failed.png">
                </img>
                <span class="method-name">loginTest(rc@gmail.com, testautoddsdmation@123)</span>
                <span class="method-start">28184 ms</span>
              </div> <!-- test-method -->
              <div class="configuration-method after">
                <span class="method-name">tearDown</span>
                <span class="method-start">43207 ms</span>
              </div> <!-- configuration-method after -->
              <div class="configuration-method before">
                <span class="method-name">setUp</span>
                <span class="method-start">43322 ms</span>
              </div> <!-- configuration-method before -->
              <div class="test-method">
                <img src="failed.png">
                </img>
                <span class="method-name">loginTest(rcvtudfsstorials@gmail.com, testautomation@1264443)</span>
                <span class="method-start">49906 ms</span>
              </div> <!-- test-method -->
              <div class="configuration-method after">
                <span class="method-name">tearDown</span>
                <span class="method-start">61891 ms</span>
              </div> <!-- configuration-method after -->
              <div class="configuration-method before">
                <span class="method-name">setUp</span>
                <span class="method-start">62022 ms</span>
              </div> <!-- configuration-method before -->
              <div class="test-method">
                <span class="method-name">loginTest(rcvtutorials@gmail.com, testautomation@123)</span>
                <span class="method-start">69285 ms</span>
              </div> <!-- test-method -->
              <div class="configuration-method after">
                <span class="method-name">tearDown</span>
                <span class="method-start">89577 ms</span>
              </div> <!-- configuration-method after -->
          </div> <!-- main-panel-content rounded-window-bottom -->
        </div> <!-- panel -->
      </div> <!-- main-panel-root -->
    </div> <!-- wrapper -->
  </body>
<script type="text/javascript" src="testng-reports2.js"></script>
</html>
